

Processing ApplicationController#index (for 127.0.0.1 at 2012-09-28 11:31:29) [GET]

ActionController::RoutingError (No route matches "/login" with {:method=>:get}):
  /home/nyros/.rvm/rubies/ruby-1.8.7-p334/lib/ruby/1.8/webrick/httpserver.rb:104:in `service'
  /home/nyros/.rvm/rubies/ruby-1.8.7-p334/lib/ruby/1.8/webrick/httpserver.rb:65:in `run'
  /home/nyros/.rvm/rubies/ruby-1.8.7-p334/lib/ruby/1.8/webrick/server.rb:173:in `start_thread'
  /home/nyros/.rvm/rubies/ruby-1.8.7-p334/lib/ruby/1.8/webrick/server.rb:162:in `start'
  /home/nyros/.rvm/rubies/ruby-1.8.7-p334/lib/ruby/1.8/webrick/server.rb:162:in `start_thread'
  /home/nyros/.rvm/rubies/ruby-1.8.7-p334/lib/ruby/1.8/webrick/server.rb:95:in `start'
  /home/nyros/.rvm/rubies/ruby-1.8.7-p334/lib/ruby/1.8/webrick/server.rb:92:in `each'
  /home/nyros/.rvm/rubies/ruby-1.8.7-p334/lib/ruby/1.8/webrick/server.rb:92:in `start'
  /home/nyros/.rvm/rubies/ruby-1.8.7-p334/lib/ruby/1.8/webrick/server.rb:23:in `start'
  /home/nyros/.rvm/rubies/ruby-1.8.7-p334/lib/ruby/1.8/webrick/server.rb:82:in `start'

Rendering rescues/layout (not_found)


Processing HomeController#index (for 127.0.0.1 at 2012-09-28 11:45:40) [GET]
Rendering template within layouts/application
Rendering home/index
Completed in 78ms (View: 66, DB: 0) | 200 OK [http://localhost/login]


Processing HomeController#index (for 127.0.0.1 at 2012-09-28 11:49:34) [GET]
Rendering template within layouts/application
Rendering home/index
Completed in 22ms (View: 9, DB: 0) | 200 OK [http://localhost/login]


Processing HomeController#index (for 127.0.0.1 at 2012-09-28 11:58:53) [GET]
Rendering template within layouts/application
Rendering home/index
Completed in 31ms (View: 21, DB: 0) | 200 OK [http://localhost/login]


Processing HomeController#index (for 127.0.0.1 at 2012-09-28 12:10:10) [GET]
Rendering template within layouts/application
Rendering home/index
Completed in 77ms (View: 67, DB: 0) | 200 OK [http://localhost/login]


Processing HomeController#index (for 127.0.0.1 at 2012-09-28 12:10:51) [GET]
Rendering template within layouts/application
Rendering home/index
Completed in 346ms (View: 341, DB: 0) | 200 OK [http://localhost/login]


Processing HomeController#index (for 127.0.0.1 at 2012-09-28 12:11:29) [GET]
Rendering template within layouts/application
Rendering home/index
Completed in 31ms (View: 23, DB: 0) | 200 OK [http://localhost/login]


Processing HomeController#index (for 127.0.0.1 at 2012-09-28 12:16:52) [GET]
Rendering template within layouts/application
Rendering home/index
Completed in 58ms (View: 44, DB: 0) | 200 OK [http://localhost/login]


Processing HomeController#index (for 127.0.0.1 at 2012-09-28 12:16:54) [GET]
Rendering template within layouts/application
Rendering home/index
Completed in 8ms (View: 4, DB: 0) | 200 OK [http://localhost/login]


Processing HomeController#index (for 127.0.0.1 at 2012-09-28 12:17:55) [GET]
Rendering template within layouts/application
Rendering home/index
Completed in 61ms (View: 59, DB: 0) | 200 OK [http://localhost/login]


Processing HomeController#index (for 127.0.0.1 at 2012-09-28 12:22:22) [GET]
Rendering template within layouts/application
Rendering home/index
Completed in 39ms (View: 36, DB: 0) | 200 OK [http://localhost/login]


Processing HomeController#index (for 127.0.0.1 at 2012-09-28 12:47:10) [GET]
Rendering template within layouts/application
Rendering home/index
Completed in 33ms (View: 30, DB: 0) | 200 OK [http://localhost/login]
